
Showing logs for build [32mpsiservices-tonywaters-simplest-z7k6g-2[0m stage [32mfrom-build-pack[0m and container [32mstep-credential-initializer-xvbqd[0m
{"level":"warn","ts":1579827852.8743248,"logger":"fallback-logger","caller":"logging/config.go:69","msg":"Fetch GitHub commit ID from kodata failed: \"ref: refs/heads/0.8.0-**-support-backwards-incompats\" is not a valid GitHub commit ID"}
{"level":"info","ts":1579827852.8747027,"logger":"fallback-logger","caller":"creds-init/main.go:40","msg":"Credentials initialized."}

Showing logs for build [32mpsiservices-tonywaters-simplest-z7k6g-2[0m stage [32mfrom-build-pack[0m and container [32mstep-working-dir-initializer-27l7z[0m
{"level":"warn","ts":1579827854.1027331,"logger":"fallback-logger","caller":"logging/config.go:69","msg":"Fetch GitHub commit ID from kodata failed: open /var/run/ko/HEAD: no such file or directory"}
{"level":"info","ts":1579827854.1038113,"logger":"fallback-logger","caller":"bash/main.go:64","msg":"Successfully executed command \"sh -c mkdir -p /workspace/source\"; output "}

Showing logs for build [32mpsiservices-tonywaters-simplest-z7k6g-2[0m stage [32mfrom-build-pack[0m and container [32mstep-place-tools[0m

Showing logs for build [32mpsiservices-tonywaters-simplest-z7k6g-2[0m stage [32mfrom-build-pack[0m and container [32mstep-git-source-psiservices-tonywaters-simplest-j8nkh[0m
{"level":"warn","ts":1579827859.1847,"logger":"fallback-logger","caller":"logging/config.go:69","msg":"Fetch GitHub commit ID from kodata failed: \"ref: refs/heads/0.8.0-**-support-backwards-incompats\" is not a valid GitHub commit ID"}
{"level":"info","ts":1579827860.3191366,"logger":"fallback-logger","caller":"git/git.go:103","msg":"Successfully cloned https://github.com/**********************/Simplest-Spring-Boot-Hello-World.git @ v0.0.2 in path /workspace/source"}

Showing logs for build [32mpsiservices-tonywaters-simplest-z7k6g-2[0m stage [32mfrom-build-pack[0m and container [32mstep-git-merge[0m
Using SHAs from PULL_REFS=master:6b38e85de1e6bc5fb2eca110af9fd01d57cc6a7f
WARNING: no SHAs to merge, falling back to initial cloned commit

Showing logs for build [32mpsiservices-tonywaters-simplest-z7k6g-2[0m stage [32mfrom-build-pack[0m and container [32mstep-setup-jx-git-credentials[0m
Generated Git credentials file /workspace/xdg_config/git/credentials

Showing logs for build [32mpsiservices-tonywaters-simplest-z7k6g-2[0m stage [32mfrom-build-pack[0m and container [32mstep-build-mvn-deploy[0m
Picked up _JAVA_OPTIONS: -XX:+UnlockExperimentalVMOptions -XX:+UseCGroupMemoryLimitForHeap -Dsun.zip.disableMemoryMapping=true -XX:+UseParallelGC -XX:MinHeapFreeRatio=5 -XX:MaxHeapFreeRatio=10 -XX:GCTimeRatio=4 -XX:AdaptiveSizePolicyWeight=90 -Xms10m -Xmx192m
OpenJDK 64-Bit Server VM warning: If the number of processors is expected to increase from one, then you should configure the number of parallel GC threads appropriately using -XX:ParallelGCThreads=N
[INFO] Scanning for projects...
[INFO] 
[INFO] ---------------------< orbartal:example.smallest >----------------------
[INFO] Building example.smallest 0.0.2
[INFO] --------------------------------[ jar ]---------------------------------
[INFO] 
[INFO] --- maven-clean-plugin:3.0.0:clean (default-clean) @ example.smallest ---
[INFO] 
[INFO] --- maven-resources-plugin:3.0.2:resources (default-resources) @ example.smallest ---
[INFO] Using 'UTF-8' encoding to copy filtered resources.
[INFO] Copying 0 resource
[INFO] Copying 1 resource
[INFO] 
[INFO] --- maven-compiler-plugin:3.7.0:compile (default-compile) @ example.smallest ---
[INFO] Changes detected - recompiling the module!
[INFO] Compiling 2 source files to /workspace/source/target/classes
[INFO] 
[INFO] --- maven-resources-plugin:3.0.2:testResources (default-testResources) @ example.smallest ---
[INFO] Using 'UTF-8' encoding to copy filtered resources.
[INFO] skip non existing resourceDirectory /workspace/source/src/test/resources
[INFO] 
[INFO] --- maven-compiler-plugin:3.7.0:testCompile (default-testCompile) @ example.smallest ---
[INFO] No sources to compile
[INFO] 
[INFO] --- maven-surefire-plugin:3.0.0-M1:test (default-test) @ example.smallest ---
[INFO] No tests to run.
[INFO] 
[INFO] --- maven-jar-plugin:3.0.2:jar (default-jar) @ example.smallest ---
[INFO] Building jar: /workspace/source/target/example.smallest-0.0.2.jar
[INFO] 
[INFO] --- spring-boot-maven-plugin:2.0.5.RELEASE:repackage (default) @ example.smallest ---
[INFO] 
[INFO] --- maven-install-plugin:2.5.2:install (default-install) @ example.smallest ---
[INFO] Installing /workspace/source/target/example.smallest-0.0.2.jar to /home/jenkins/.mvnrepository/orbartal/example.smallest/0.0.2/example.smallest-0.0.2.jar
[INFO] Installing /workspace/source/pom.xml to /home/jenkins/.mvnrepository/orbartal/example.smallest/0.0.2/example.smallest-0.0.2.pom
[INFO] 
[INFO] --- maven-deploy-plugin:2.8.2:deploy (default-deploy) @ example.smallest ---
[INFO] Using alternate deployment repository local-nexus::default::http://nexus/repository/maven-releases/
[INFO] ------------------------------------------------------------------------
[INFO] BUILD SUCCESS
[INFO] ------------------------------------------------------------------------
[INFO] Total time:  15.935 s
[INFO] Finished at: 2020-01-24T01:04:39Z
[INFO] ------------------------------------------------------------------------

Showing logs for build [32mpsiservices-tonywaters-simplest-z7k6g-2[0m stage [32mfrom-build-pack[0m and container [32mstep-build-skaffold-version[0m
v1.0.1

Showing logs for build [32mpsiservices-tonywaters-simplest-z7k6g-2[0m stage [32mfrom-build-pack[0m and container [32mstep-build-container-build[0m
[36mINFO[0m[0000] Downloading base image openjdk:8-jdk-slim    
2020/01/24 01:04:41 No matching credentials were found, falling back on anonymous
[36mINFO[0m[0001] Error while retrieving image from cache: getting file info: stat /workspace/sha256:c6a0df0ff6377656c2b35617e415e278257c87dc753789b1b5acef6dd77f4049: no such file or directory 
[36mINFO[0m[0001] Downloading base image openjdk:8-jdk-slim    
2020/01/24 01:04:42 No matching credentials were found, falling back on anonymous
[36mINFO[0m[0001] cmd: EXPOSE                                  
[36mINFO[0m[0001] Adding exposed port: 8080/tcp                
[36mINFO[0m[0001] Using files from context: [/workspace/source/pom.xml] 
[36mINFO[0m[0001] Using files from context: [/workspace/source/target/example.smallest-0.0.2.jar] 
[36mINFO[0m[0001] Skipping unpacking as no commands require it. 
[36mINFO[0m[0001] Taking snapshot of full filesystem...        
[36mINFO[0m[0001] ENV PORT 8080                                
[36mINFO[0m[0001] No files changed in this command, skipping snapshotting. 
[36mINFO[0m[0001] ENV CLASSPATH /opt/lib                       
[36mINFO[0m[0001] No files changed in this command, skipping snapshotting. 
[36mINFO[0m[0001] EXPOSE 8080                                  
[36mINFO[0m[0001] cmd: EXPOSE                                  
[36mINFO[0m[0001] Adding exposed port: 8080/tcp                
[36mINFO[0m[0001] No files changed in this command, skipping snapshotting. 
[36mINFO[0m[0001] Using files from context: [/workspace/source/pom.xml] 
[36mINFO[0m[0001] COPY pom.xml target/lib* /opt/lib/           
[36mINFO[0m[0001] Taking snapshot of files...                  
[36mINFO[0m[0001] Using files from context: [/workspace/source/target/example.smallest-0.0.2.jar] 
[36mINFO[0m[0001] COPY target/*.jar /opt/app.jar               
[36mINFO[0m[0001] Taking snapshot of files...                  
[36mINFO[0m[0002] WORKDIR /opt                                 
[36mINFO[0m[0002] cmd: workdir                                 
[36mINFO[0m[0002] Changed working directory to /opt            
[36mINFO[0m[0002] No files changed in this command, skipping snapshotting. 
[36mINFO[0m[0002] CMD ["java", "-XX:+UnlockExperimentalVMOptions", "-XX:+UseCGroupMemoryLimitForHeap", "-jar", "app.jar"] 
[36mINFO[0m[0002] No files changed in this command, skipping snapshotting. 
2020/01/24 01:04:43 existing blob: sha256:e18af1784b1ff42bce5eb771c6fb00c06471e462db471e4821b42a75f99d1bee
2020/01/24 01:04:43 existing blob: sha256:aaa3de25bf63aa5c422dbc66ef1a041863d1d9b2c313b91b61f92b2819cda36f
2020/01/24 01:04:43 existing blob: sha256:8ec398bc03560e0fa56440e96da307cdf0b1ad153f459b52bca53ae7ddb8236d
2020/01/24 01:04:43 existing blob: sha256:8e866b0959566a21a8fa7eb2f7f12da0d12aa3498d6c31bb25a6ede1fa632ac2
2020/01/24 01:04:44 pushed blob: sha256:5e035515b91a7a890fdb7406014dae8bab4773b787e8c4f000bf109795542eb1
2020/01/24 01:04:44 pushed blob: sha256:b3cf6f9507dd0df09048fcbb1398514a67ca9def26d40c3506f872262accad3d
2020/01/24 01:04:46 pushed blob: sha256:1244e9f1baa5302975e218542dbf8fafae4a5c6906764a86192f2c9e20c4470f
2020/01/24 01:04:46 774338652121.dkr.ecr.eu-west-2.amazonaws.com/**********************/simplest-spring-boot-hello-world:0.0.2: digest: sha256:b004ddbd29ce17d9bcb4184fe6033be5767890afdbbbf3349cd16f207d512252 size: 1244

Showing logs for build [32mpsiservices-tonywaters-simplest-z7k6g-2[0m stage [32mfrom-build-pack[0m and container [32mstep-build-post-build[0m
no CVE provider running in the current ** namespace so skip adding image to be analysed

Showing logs for build [32mpsiservices-tonywaters-simplest-z7k6g-2[0m stage [32mfrom-build-pack[0m and container [32mstep-promote-changelog[0m
Converted /workspace/source/charts/simplest-spring-boot-hello-world to an unshallow repository
Generating change log from git ref 881fc6685d439656a7bcdd5e1224015e26c0118c => 6a22f1dd35e7d42c4d425468e94d2f80999a1c94
WARNING: Failed to enrich commit 6b38e85de1e6bc5fb2eca110af9fd01d57cc6a7f with issues: users.jenkins.io "x-0" already exists
WARNING: Failed to enrich commit 6b38e85de1e6bc5fb2eca110af9fd01d57cc6a7f with issues: users.jenkins.io "x-0" already exists
Finding issues in commit messages using git format
WARNING: No release found for **********************/Simplest-Spring-Boot-Hello-World and tag v0.0.2 so creating a new release
Updated the release information at https://github.com/**********************/Simplest-Spring-Boot-Hello-World/releases/tag/v0.0.2
generated: /workspace/source/charts/simplest-spring-boot-hello-world/templates/release.yaml
Created Release simplest-spring-boot-hello-world-0-0-2 resource in namespace **
Updating PipelineActivity **********************-simplest-spring-boot-hello-world-master-2 with version 0.0.2
Updated PipelineActivities **********************-simplest-spring-boot-hello-world-master-2 with release notes URL: https://github.com/**********************/Simplest-Spring-Boot-Hello-World/releases/tag/v0.0.2

Showing logs for build [32mpsiservices-tonywaters-simplest-z7k6g-2[0m stage [32mfrom-build-pack[0m and container [32mstep-promote-helm-release[0m
WARNING: No $CHART_REPOSITORY defined so using the default value of: http://jenkins-x-chartmuseum:8080
Adding missing Helm repo: storage.googleapis.com https://storage.googleapis.com/chartmuseum.jenkins-x.io
Successfully added Helm repository storage.googleapis.com.
Adding missing Helm repo: jenkins-x-chartmuseum http://jenkins-x-chartmuseum:8080
Successfully added Helm repository jenkins-x-chartmuseum.
WARNING: No $CHART_REPOSITORY defined so using the default value of: http://jenkins-x-chartmuseum:8080
Uploading chart file simplest-spring-boot-hello-world-0.0.2.tgz to http://jenkins-x-chartmuseum:8080/api/charts
Received 201 response: {"saved":true}

Showing logs for build [32mpsiservices-tonywaters-simplest-z7k6g-2[0m stage [32mfrom-build-pack[0m and container [32mstep-promote-jx-promote[0m
WARNING: prow based install so skip waiting for the merge of Pull Requests to go green as currently there is an issue with gettingstatuses from the PR, see https://github.com/jenkins-x/**/issues/2410
WARNING: No $CHART_REPOSITORY defined so using the default value of: http://jenkins-x-chartmuseum:8080
Promoting app simplest-spring-boot-hello-world version 0.0.2 to namespace **-staging
Created Pull Request: https://github.com/**********************/environment-**-cluster-staging/pull/2
Added label updatebot to Pull Request https://github.com/**********************/environment-**-cluster-staging/pull/2
got git provider status pending from PR https://github.com/**********************/environment-**-cluster-staging/pull/2
got git provider status pending from PR https://github.com/**********************/environment-**-cluster-staging/pull/2
got git provider status pending from PR https://github.com/**********************/environment-**-cluster-staging/pull/2
Pull Request https://github.com/**********************/environment-**-cluster-staging/pull/2 is merged at sha 6988f2fc64838522b03243e2d049266d20624998
Pull Request merged but we are not waiting for the update pipeline to complete!
